빌드 시작: 2016-06-22 오전 1:55:25
     1>2 노드의 "C:\Users\RY\Desktop\Client\Client\Client.vcxproj" 프로젝트(build 대상)입니다.
     1>InitializeBuildStatus:
         "AlwaysCreate"이(가) 지정되었기 때문에 "Debug\Client.unsuccessfulbuild"을(를) 만들고 있습니다.
       ClCompile:
         e:\설치유틸\VC\bin\CL.exe /c /ZI /nologo /W3 /WX- /Od /Oy- /D _MBCS /Gm /EHsc /RTC1 /MDd /GS /fp:precise /Zc:wchar_t /Zc:forScope /Fo"Debug\\" /Fd"Debug\vc100.pdb" /Gd /TP /analyze- /errorReport:prompt Ex_Socket.cpp
         Ex_Socket.cpp
     1>c:\users\ry\desktop\client\client\ex_socket.cpp(23): warning C4996: 'scanf': This function or variable may be unsafe. Consider using scanf_s instead. To disable deprecation, use _CRT_SECURE_NO_WARNINGS. See online help for details.
                 e:\설치유틸\vc\include\stdio.h(304) : 'scanf' 선언을 참조하십시오.
     1>c:\users\ry\desktop\client\client\ex_socket.cpp(26): warning C4996: 'scanf': This function or variable may be unsafe. Consider using scanf_s instead. To disable deprecation, use _CRT_SECURE_NO_WARNINGS. See online help for details.
                 e:\설치유틸\vc\include\stdio.h(304) : 'scanf' 선언을 참조하십시오.
       Link:
         e:\설치유틸\VC\bin\link.exe /ERRORREPORT:PROMPT /OUT:"C:\Users\RY\Desktop\Client\Debug\Client.exe" /NOLOGO ws2_32.lib kernel32.lib user32.lib gdi32.lib winspool.lib comdlg32.lib advapi32.lib shell32.lib ole32.lib oleaut32.lib uuid.lib odbc32.lib odbccp32.lib kernel32.lib user32.lib gdi32.lib winspool.lib comdlg32.lib advapi32.lib shell32.lib ole32.lib oleaut32.lib uuid.lib odbc32.lib odbccp32.lib /MANIFEST /ManifestFile:"Debug\Client.exe.intermediate.manifest" /MANIFESTUAC:"level='asInvoker' uiAccess='false'" /DEBUG /PDB:"C:\Users\RY\Desktop\Client\Debug\Client.pdb" /SUBSYSTEM:CONSOLE /TLBID:1 /DYNAMICBASE /NXCOMPAT /IMPLIB:"C:\Users\RY\Desktop\Client\Debug\Client.lib" /MACHINE:X86 Debug\Ex_Socket.obj
         Client.vcxproj -> C:\Users\RY\Desktop\Client\Debug\Client.exe
       Manifest:
         C:\Program Files (x86)\Microsoft SDKs\Windows\v7.0A\bin\mt.exe /nologo /verbose /outputresource:"C:\Users\RY\Desktop\Client\Debug\Client.exe;#1" /manifest Debug\Client.exe.intermediate.manifest
       FinalizeBuildStatus:
         "Debug\Client.unsuccessfulbuild" 파일을 삭제하고 있습니다.
         "Debug\Client.lastbuildstate"에 연결(touching)하고 있습니다.
     1>"C:\Users\RY\Desktop\Client\Client\Client.vcxproj" 프로젝트를 빌드했습니다(build 대상).

빌드했습니다.

경과 시간: 00:00:00.90
